TN:
SF:src/features/check-ins/utils/streak-derive.ts
FN:74,fmtLocalDate
FN:86,startOfISOWeek
FN:93,addDays
FN:97,tierOf
FN:108,nextMilestone
FN:129,deriveStreak
FN:140,(anonymous_6)
FN:144,(anonymous_7)
FNF:8
FNH:8
FNDA:113,fmtLocalDate
FNDA:22,startOfISOWeek
FNDA:91,addDays
FNDA:25,tierOf
FNDA:13,nextMilestone
FNDA:22,deriveStreak
FNDA:75,(anonymous_6)
FNDA:59,(anonymous_7)
DA:75,113
DA:76,113
DA:77,113
DA:78,113
DA:87,22
DA:89,22
DA:90,22
DA:94,91
DA:98,25
DA:99,23
DA:100,15
DA:101,7
DA:102,5
DA:103,3
DA:106,1
DA:112,13
DA:113,22
DA:114,22
DA:115,12
DA:118,1
DA:133,22
DA:134,22
DA:135,22
DA:139,22
DA:141,75
DA:144,59
DA:146,22
DA:147,6
DA:160,16
DA:164,16
DA:167,3
DA:168,3
DA:169,3
DA:170,7
DA:171,6
DA:173,6
DA:174,6
DA:175,1
DA:176,1
DA:179,3
DA:194,13
DA:197,13
DA:198,22
DA:199,22
DA:201,22
DA:202,66
DA:203,66
DA:204,63
DA:205,63
DA:207,63
DA:208,63
DA:209,3
DA:211,2
DA:220,13
DA:224,22
DA:226,22
LF:56
LH:56
BRDA:89,0,0,1
BRDA:89,0,1,21
BRDA:98,1,0,2
BRDA:98,1,1,23
BRDA:99,2,0,8
BRDA:99,2,1,15
BRDA:100,3,0,8
BRDA:100,3,1,7
BRDA:101,4,0,2
BRDA:101,4,1,5
BRDA:102,5,0,2
BRDA:102,5,1,3
BRDA:114,6,0,12
BRDA:114,6,1,10
BRDA:131,7,0,22
BRDA:139,8,0,22
BRDA:139,8,1,1
BRDA:144,9,0,57
BRDA:144,9,1,2
BRDA:146,10,0,6
BRDA:146,10,1,16
BRDA:164,11,0,3
BRDA:164,11,1,13
BRDA:170,12,0,6
BRDA:170,12,1,1
BRDA:175,13,0,1
BRDA:175,13,1,0
BRDA:197,14,0,4
BRDA:197,14,1,9
BRDA:203,15,0,63
BRDA:203,15,1,3
BRDA:209,16,0,2
BRDA:209,16,1,1
BRDA:220,17,0,13
BRDA:220,17,1,13
BRDA:220,17,2,11
BRDA:234,18,0,22
BRDA:234,18,1,1
BRDA:235,19,0,22
BRDA:235,19,1,1
BRF:40
BRH:39
end_of_record
TN:
SF:src/lib/api/error.ts
FN:28,(anonymous_0)
FN:47,appErrorFromResponse
FN:69,appErrorFromThrown
FN:85,isFieldLevelError
FN:99,extractBackendFields
FNF:5
FNH:5
FNDA:19,(anonymous_0)
FNDA:3,appErrorFromResponse
FNDA:5,appErrorFromThrown
FNDA:11,isFieldLevelError
FNDA:12,extractBackendFields
DA:20,1
DA:21,1
DA:34,19
DA:35,19
DA:36,19
DA:37,19
DA:38,19
DA:49,3
DA:50,3
DA:55,3
DA:56,3
DA:70,5
DA:71,4
DA:72,1
DA:74,3
DA:86,11
DA:103,12
DA:104,7
DA:107,7
DA:108,2
DA:115,5
DA:116,1
DA:123,4
DA:124,1
DA:125,1
DA:132,3
LF:26
LH:26
BRDA:60,0,0,3
BRDA:60,0,1,2
BRDA:70,1,0,1
BRDA:70,1,1,4
BRDA:71,2,0,1
BRDA:71,2,1,3
BRDA:71,3,0,4
BRDA:71,3,1,2
BRDA:86,4,0,11
BRDA:86,4,1,10
BRDA:86,4,2,9
BRDA:103,5,0,5
BRDA:103,5,1,7
BRDA:103,6,0,12
BRDA:103,6,1,8
BRDA:107,7,0,2
BRDA:107,7,1,5
BRDA:110,8,0,2
BRDA:110,8,1,0
BRDA:115,9,0,1
BRDA:115,9,1,4
BRDA:118,10,0,1
BRDA:118,10,1,0
BRDA:123,11,0,1
BRDA:123,11,1,3
BRDA:123,12,0,4
BRDA:123,12,1,1
BRDA:127,13,0,1
BRDA:127,13,1,0
BRDA:128,14,0,1
BRDA:128,14,1,0
BRF:31
BRH:27
end_of_record
