TN:
SF:src/features/check-ins/hooks/useCheckIns.ts
FN:17,useCheckIns
FNF:1
FNH:1
FNDA:21,useCheckIns
DA:18,21
LF:1
LH:1
BRDA:17,0,0,21
BRDA:21,1,0,21
BRDA:21,1,1,21
BRDA:22,2,0,21
BRDA:22,2,1,21
BRF:5
BRH:5
end_of_record
TN:
SF:src/features/check-ins/hooks/useStreak.ts
FN:28,useStreak
FN:30,(anonymous_1)
FNF:2
FNH:2
FNDA:21,useStreak
FNDA:14,(anonymous_1)
DA:29,21
DA:30,21
DA:34,21
LF:3
LH:3
BRDA:37,0,0,21
BRDA:37,0,1,21
BRF:2
BRH:2
end_of_record
TN:
SF:src/features/check-ins/hooks/useSubmitCheckIn.ts
FN:43,useSubmitCheckIn
FN:47,(anonymous_1)
FN:55,submit
FN:62,(anonymous_3)
FN:82,(anonymous_4)
FNF:5
FNH:5
FNDA:21,useSubmitCheckIn
FNDA:73,(anonymous_1)
FNDA:7,submit
FNDA:3,(anonymous_3)
FNDA:4,(anonymous_4)
DA:44,21
DA:45,21
DA:46,21
DA:47,73
DA:49,21
DA:59,7
DA:68,3
DA:69,3
DA:70,3
DA:71,3
DA:72,3
DA:76,3
DA:79,3
DA:80,3
DA:83,4
DA:84,4
DA:85,3
DA:88,3
DA:90,1
DA:96,21
LF:20
LH:20
BRDA:57,0,0,7
BRDA:68,1,0,1
BRDA:68,1,1,2
BRDA:69,2,0,1
BRDA:69,2,1,2
BRDA:84,3,0,3
BRDA:84,3,1,1
BRDA:86,4,0,3
BRDA:86,4,1,0
BRF:9
BRH:8
end_of_record
TN:
SF:src/features/check-ins/utils/streak-derive.ts
FN:74,fmtLocalDate
FN:86,startOfISOWeek
FN:93,addDays
FN:97,tierOf
FN:108,nextMilestone
FN:129,deriveStreak
FN:140,(anonymous_6)
FN:144,(anonymous_7)
FNF:8
FNH:8
FNDA:161,fmtLocalDate
FNDA:36,startOfISOWeek
FNDA:125,addDays
FNDA:34,tierOf
FNDA:19,nextMilestone
FNDA:36,deriveStreak
FNDA:95,(anonymous_6)
FNDA:72,(anonymous_7)
DA:75,161
DA:76,161
DA:77,161
DA:78,161
DA:87,36
DA:89,36
DA:90,36
DA:94,125
DA:98,34
DA:99,32
DA:100,23
DA:101,7
DA:102,5
DA:103,3
DA:106,2
DA:112,19
DA:113,34
DA:114,34
DA:115,18
DA:118,1
DA:133,36
DA:134,36
DA:135,36
DA:139,36
DA:141,95
DA:144,72
DA:146,36
DA:147,13
DA:160,23
DA:164,23
DA:167,4
DA:168,4
DA:169,4
DA:170,9
DA:171,8
DA:173,8
DA:174,8
DA:175,1
DA:176,1
DA:179,4
DA:194,19
DA:197,19
DA:198,36
DA:199,36
DA:201,36
DA:202,84
DA:203,84
DA:204,81
DA:205,81
DA:207,81
DA:208,81
DA:209,3
DA:211,2
DA:220,19
DA:224,36
DA:226,36
LF:56
LH:56
BRDA:89,0,0,1
BRDA:89,0,1,35
BRDA:98,1,0,2
BRDA:98,1,1,32
BRDA:99,2,0,9
BRDA:99,2,1,23
BRDA:100,3,0,16
BRDA:100,3,1,7
BRDA:101,4,0,2
BRDA:101,4,1,5
BRDA:102,5,0,2
BRDA:102,5,1,3
BRDA:114,6,0,18
BRDA:114,6,1,16
BRDA:131,7,0,36
BRDA:139,8,0,36
BRDA:139,8,1,8
BRDA:144,9,0,70
BRDA:144,9,1,2
BRDA:146,10,0,13
BRDA:146,10,1,23
BRDA:164,11,0,4
BRDA:164,11,1,19
BRDA:170,12,0,8
BRDA:170,12,1,1
BRDA:175,13,0,1
BRDA:175,13,1,0
BRDA:197,14,0,4
BRDA:197,14,1,15
BRDA:203,15,0,81
BRDA:203,15,1,3
BRDA:209,16,0,2
BRDA:209,16,1,1
BRDA:220,17,0,19
BRDA:220,17,1,19
BRDA:220,17,2,17
BRDA:234,18,0,36
BRDA:234,18,1,1
BRDA:235,19,0,36
BRDA:235,19,1,1
BRF:40
BRH:39
end_of_record
TN:
SF:src/features/progress/hooks/useUploadPhoto.ts
FN:36,useUploadPhoto
FN:42,upload
FN:56,(anonymous_2)
FNF:3
FNH:3
FNDA:7,useUploadPhoto
FNDA:7,upload
FNDA:2,(anonymous_2)
DA:37,7
DA:44,7
DA:46,7
DA:47,7
DA:54,3
DA:56,2
DA:57,7
DA:58,1
DA:60,2
DA:65,3
DA:69,7
LF:11
LH:11
BRDA:54,0,0,1
BRDA:54,0,1,2
BRDA:56,1,0,2
BRDA:56,1,1,0
BRDA:57,2,0,1
BRDA:57,2,1,6
BRF:6
BRH:5
end_of_record
TN:
SF:src/features/progress/schemas/photo-upload.ts
FN:26,(anonymous_0)
FN:27,(anonymous_1)
FN:31,(anonymous_2)
FNF:3
FNH:3
FNDA:19,(anonymous_0)
FNDA:19,(anonymous_1)
FNDA:19,(anonymous_2)
DA:16,2
DA:18,2
DA:24,2
DA:26,19
DA:28,19
DA:33,19
LF:6
LH:6
BRF:0
BRH:0
end_of_record
TN:
SF:src/lib/api/auth-interceptor.ts
FN:63,refreshOnce
FN:66,(anonymous_1)
FN:107,isPublicPath
FN:116,mergeHeaders
FN:122,registerAuthInterceptors
FN:128,(anonymous_5)
FN:141,(anonymous_6)
FN:164,(anonymous_7)
FNF:8
FNH:8
FNDA:6,refreshOnce
FNDA:4,(anonymous_1)
FNDA:55,isPublicPath
FNDA:5,mergeHeaders
FNDA:4,registerAuthInterceptors
FNDA:47,(anonymous_5)
FNDA:47,(anonymous_6)
FNDA:12,(anonymous_7)
DA:41,4
DA:47,4
DA:61,4
DA:64,6
DA:66,4
DA:67,4
DA:68,4
DA:69,0
DA:70,0
DA:73,4
DA:78,4
DA:83,4
DA:84,1
DA:85,1
DA:88,3
DA:93,3
DA:98,0
DA:100,4
DA:104,4
DA:108,55
DA:109,55
DA:110,55
DA:112,0
DA:117,5
DA:118,5
DA:119,5
DA:128,4
DA:129,47
DA:130,41
DA:131,41
DA:132,23
DA:134,41
DA:135,22
DA:137,41
DA:141,4
DA:142,47
DA:143,8
DA:145,6
DA:146,6
DA:151,5
DA:152,47
DA:157,47
DA:164,4
DA:165,12
DA:166,12
DA:167,12
DA:168,12
LF:47
LH:43
BRDA:64,0,0,2
BRDA:64,0,1,4
BRDA:68,1,0,0
BRDA:68,1,1,4
BRDA:83,2,0,1
BRDA:83,2,1,3
BRDA:83,3,0,4
BRDA:83,3,1,3
BRDA:129,4,0,6
BRDA:129,4,1,41
BRDA:131,5,0,23
BRDA:131,5,1,18
BRDA:134,6,0,22
BRDA:134,6,1,19
BRDA:134,7,0,41
BRDA:134,7,1,22
BRDA:142,8,0,39
BRDA:142,8,1,8
BRDA:143,9,0,2
BRDA:143,9,1,6
BRDA:146,10,0,1
BRDA:146,10,1,5
BRDA:151,11,0,5
BRDA:151,11,1,4
BRDA:165,12,0,0
BRDA:165,12,1,12
BRDA:173,13,0,12
BRDA:173,13,1,1
BRDA:174,14,0,1
BRDA:174,14,1,0
BRF:30
BRH:27
end_of_record
TN:
SF:src/lib/api/error.ts
FN:28,(anonymous_0)
FN:47,appErrorFromResponse
FN:69,appErrorFromThrown
FN:85,isFieldLevelError
FN:99,extractBackendFields
FNF:5
FNH:5
FNDA:32,(anonymous_0)
FNDA:3,appErrorFromResponse
FNDA:12,appErrorFromThrown
FNDA:15,isFieldLevelError
FNDA:24,extractBackendFields
DA:20,5
DA:21,5
DA:34,32
DA:35,32
DA:36,32
DA:37,32
DA:38,32
DA:49,3
DA:50,3
DA:55,3
DA:56,3
DA:70,12
DA:71,5
DA:72,1
DA:74,4
DA:86,15
DA:103,24
DA:104,19
DA:107,19
DA:108,13
DA:115,6
DA:116,1
DA:123,5
DA:124,1
DA:125,1
DA:132,4
LF:26
LH:26
BRDA:60,0,0,3
BRDA:60,0,1,2
BRDA:70,1,0,7
BRDA:70,1,1,5
BRDA:71,2,0,1
BRDA:71,2,1,4
BRDA:71,3,0,5
BRDA:71,3,1,3
BRDA:86,4,0,15
BRDA:86,4,1,13
BRDA:86,4,2,11
BRDA:103,5,0,5
BRDA:103,5,1,19
BRDA:103,6,0,24
BRDA:103,6,1,20
BRDA:107,7,0,13
BRDA:107,7,1,6
BRDA:110,8,0,13
BRDA:110,8,1,0
BRDA:115,9,0,1
BRDA:115,9,1,5
BRDA:118,10,0,1
BRDA:118,10,1,0
BRDA:123,11,0,1
BRDA:123,11,1,4
BRDA:123,12,0,5
BRDA:123,12,1,1
BRDA:127,13,0,1
BRDA:127,13,1,0
BRDA:128,14,0,1
BRDA:128,14,1,0
BRF:31
BRH:27
end_of_record
TN:
SF:src/lib/ws/use-portal-ws.ts
FN:56,usePortalWs
FN:70,(anonymous_1)
FN:73,clearReconnect
FN:80,closeSocket
FN:93,connect
FN:120,(anonymous_5)
FN:126,(anonymous_6)
FN:138,(anonymous_7)
FN:145,(anonymous_8)
FN:151,scheduleReconnect
FN:155,(anonymous_10)
FN:161,onVisibilityChange
FN:174,(anonymous_12)
FNF:13
FNH:12
FNDA:9,usePortalWs
FNDA:9,(anonymous_1)
FNDA:12,clearReconnect
FNDA:10,closeSocket
FNDA:10,connect
FNDA:5,(anonymous_5)
FNDA:2,(anonymous_6)
FNDA:1,(anonymous_7)
FNDA:0,(anonymous_8)
FNDA:2,scheduleReconnect
FNDA:1,(anonymous_10)
FNDA:3,onVisibilityChange
FNDA:8,(anonymous_12)
DA:46,1
DA:47,1
DA:60,9
DA:61,9
DA:62,9
DA:63,9
DA:67,9
DA:68,9
DA:70,9
DA:71,9
DA:74,12
DA:75,0
DA:76,0
DA:81,10
DA:82,10
DA:83,10
DA:84,8
DA:85,8
DA:89,8
DA:95,10
DA:96,10
DA:99,10
DA:100,10
DA:101,10
DA:103,0
DA:105,10
DA:106,1
DA:107,1
DA:113,9
DA:114,10
DA:116,10
DA:117,10
DA:118,10
DA:120,10
DA:123,5
DA:126,10
DA:127,2
DA:128,2
DA:129,2
DA:131,1
DA:133,1
DA:138,10
DA:139,1
DA:140,1
DA:141,1
DA:142,1
DA:145,10
DA:152,2
DA:153,2
DA:154,2
DA:155,2
DA:156,1
DA:157,1
DA:162,3
DA:163,2
DA:165,2
DA:167,1
DA:171,8
DA:172,8
DA:174,8
DA:175,8
DA:176,8
LF:62
LH:59
BRDA:71,0,0,1
BRDA:71,0,1,8
BRDA:74,1,0,0
BRDA:74,1,1,12
BRDA:83,2,0,8
BRDA:83,2,1,2
BRDA:95,3,0,0
BRDA:95,3,1,10
BRDA:96,4,0,0
BRDA:96,4,1,10
BRDA:105,5,0,1
BRDA:105,5,1,9
BRDA:113,6,0,0
BRDA:113,6,1,9
BRDA:128,7,0,2
BRDA:128,7,1,0
BRDA:131,8,0,1
BRDA:131,8,1,0
BRDA:140,9,0,0
BRDA:140,9,1,1
BRDA:141,10,0,0
BRDA:141,10,1,1
BRDA:162,11,0,2
BRDA:162,11,1,1
BRF:24
BRH:16
end_of_record
TN:
SF:src/stores/celebration.ts
FN:35,(anonymous_0)
FN:37,(anonymous_1)
FN:38,(anonymous_2)
FNF:3
FNH:3
FNDA:1,(anonymous_0)
FNDA:3,(anonymous_1)
FNDA:14,(anonymous_2)
DA:35,1
DA:37,3
DA:38,14
LF:3
LH:3
BRF:0
BRH:0
end_of_record
TN:
SF:src/stores/tokens.ts
FN:45,(anonymous_0)
FN:51,(anonymous_1)
FN:53,(anonymous_2)
FN:60,(anonymous_3)
FN:65,(anonymous_4)
FN:70,(anonymous_5)
FN:83,(anonymous_6)
FN:84,(anonymous_7)
FNF:8
FNH:5
FNDA:4,(anonymous_0)
FNDA:0,(anonymous_1)
FNDA:15,(anonymous_2)
FNDA:26,(anonymous_3)
FNDA:4,(anonymous_4)
FNDA:41,(anonymous_5)
FNDA:0,(anonymous_6)
FNDA:0,(anonymous_7)
DA:44,4
DA:46,4
DA:51,0
DA:54,15
DA:61,26
DA:65,4
DA:70,41
DA:83,4
DA:84,4
LF:9
LH:8
BRDA:57,0,0,15
BRDA:57,0,1,12
BRDA:57,0,2,12
BRF:3
BRH:3
end_of_record
